<?xml version="1.0" encoding="UTF-8"?>
<testng-results ignored="0" total="2" passed="2" failed="0" skipped="0">
  <reporter-output>
  </reporter-output>
  <suite started-at="2025-02-19T16:36:14 IST" name="HotelSuite , owner name : Jhon Deo" finished-at="2025-02-19T16:36:32 IST" duration-ms="17534">
    <groups>
    </groups>
    <test started-at="2025-02-19T16:36:14 IST" name="Hotel Test" finished-at="2025-02-19T16:36:32 IST" duration-ms="17534">
      <class name="com.qa.testpages.HotelPageTest">
        <test-method is-config="true" signature="setUp()[pri:0, instance:com.qa.testpages.HotelPageTest@28701274]" started-at="2025-02-19T16:36:14 IST" name="setUp" finished-at="2025-02-19T16:36:25 IST" duration-ms="10795" status="PASS">
          <reporter-output>
          </reporter-output>
        </test-method> <!-- setUp -->
        <test-method signature="testHotelSearch()[pri:0, instance:com.qa.testpages.HotelPageTest@28701274]" started-at="2025-02-19T16:36:25 IST" name="testHotelSearch" finished-at="2025-02-19T16:36:31 IST" duration-ms="5817" status="PASS">
          <reporter-output>
          </reporter-output>
        </test-method> <!-- testHotelSearch -->
        <test-method is-config="true" signature="tearDown()[pri:0, instance:com.qa.testpages.HotelPageTest@28701274]" started-at="2025-02-19T16:36:31 IST" name="tearDown" finished-at="2025-02-19T16:36:32 IST" duration-ms="917" status="PASS">
          <reporter-output>
          </reporter-output>
        </test-method> <!-- tearDown -->
      </class> <!-- com.qa.testpages.HotelPageTest -->
    </test> <!-- Hotel Test -->
  </suite> <!-- HotelSuite , owner name : Jhon Deo -->
  <suite started-at="2025-02-19T16:35:45 IST" name="FightSearch Suite , owner name : Sunita Das " finished-at="2025-02-19T16:36:14 IST" duration-ms="29406">
    <groups>
    </groups>
    <test started-at="2025-02-19T16:35:45 IST" name="Flight Test" finished-at="2025-02-19T16:36:14 IST" duration-ms="29406">
      <class name="com.qa.testpages.FlightsPageTest">
        <test-method is-config="true" signature="setUp()[pri:0, instance:com.qa.testpages.FlightsPageTest@36bc55de]" started-at="2025-02-19T16:35:45 IST" name="setUp" finished-at="2025-02-19T16:35:58 IST" duration-ms="13035" status="PASS">
          <reporter-output>
          </reporter-output>
        </test-method> <!-- setUp -->
        <test-method signature="testFlightSearch()[pri:0, instance:com.qa.testpages.FlightsPageTest@36bc55de]" started-at="2025-02-19T16:35:58 IST" name="testFlightSearch" finished-at="2025-02-19T16:36:13 IST" duration-ms="15379" status="PASS">
          <reporter-output>
          </reporter-output>
        </test-method> <!-- testFlightSearch -->
        <test-method is-config="true" signature="tearDown()[pri:0, instance:com.qa.testpages.FlightsPageTest@36bc55de]" started-at="2025-02-19T16:36:13 IST" name="tearDown" finished-at="2025-02-19T16:36:14 IST" duration-ms="954" status="PASS">
          <reporter-output>
          </reporter-output>
        </test-method> <!-- tearDown -->
      </class> <!-- com.qa.testpages.FlightsPageTest -->
    </test> <!-- Flight Test -->
  </suite> <!-- FightSearch Suite , owner name : Sunita Das  -->
  <suite started-at="2025-02-19T16:36:32 IST" name="Multiple XML files" finished-at="2025-02-19T16:36:32 IST" duration-ms="0">
    <groups>
    </groups>
  </suite> <!-- Multiple XML files -->
</testng-results>
